<?xml version="1.0" encoding="UTF-8"?>
<testng-results ignored="0" total="1" passed="1" failed="0" skipped="0">
  <reporter-output>
  </reporter-output>
  <suite started-at="2023-10-28T12:42:13 IST" name="Default suite" finished-at="2023-10-28T12:44:01 IST" duration-ms="107807">
    <groups>
    </groups>
    <test started-at="2023-10-28T12:42:13 IST" name="Default test" finished-at="2023-10-28T12:44:01 IST" duration-ms="107807">
      <class name="testcases.TestCase008">
        <test-method is-config="true" signature="SetupOne()[pri:0, instance:testcases.TestCase008@2a7f1f10]" started-at="2023-10-28T12:42:13 IST" name="SetupOne" finished-at="2023-10-28T12:42:24 IST" duration-ms="10304" status="PASS">
          <reporter-output>
          </reporter-output>
        </test-method> <!-- SetupOne -->
        <test-method signature="Otherfields()[pri:0, instance:testcases.TestCase008@2a7f1f10]" started-at="2023-10-28T12:42:24 IST" name="Otherfields" finished-at="2023-10-28T12:44:01 IST" duration-ms="97427" status="PASS">
          <reporter-output>
          </reporter-output>
        </test-method> <!-- Otherfields -->
        <test-method is-config="true" signature="END()[pri:0, instance:testcases.TestCase008@2a7f1f10]" started-at="2023-10-28T12:44:01 IST" name="END" finished-at="2023-10-28T12:44:01 IST" duration-ms="0" status="PASS">
          <reporter-output>
          </reporter-output>
        </test-method> <!-- END -->
      </class> <!-- testcases.TestCase008 -->
    </test> <!-- Default test -->
  </suite> <!-- Default suite -->
</testng-results>
