<?xml version="1.0" encoding="UTF-8"?>
<testng-results ignored="0" total="1" passed="1" failed="0" skipped="0">
  <reporter-output>
  </reporter-output>
  <suite started-at="2023-10-28T11:58:02 IST" name="Default suite" finished-at="2023-10-28T12:01:22 IST" duration-ms="199747">
    <groups>
    </groups>
    <test started-at="2023-10-28T11:58:02 IST" name="Default test" finished-at="2023-10-28T12:01:22 IST" duration-ms="199747">
      <class name="testcasesUSA.Task010and11">
        <test-method is-config="true" signature="Setup()[pri:0, instance:testcasesUSA.Task010and11@7486b455]" started-at="2023-10-28T11:58:02 IST" name="Setup" finished-at="2023-10-28T11:58:19 IST" duration-ms="17031" status="PASS">
          <reporter-output>
          </reporter-output>
        </test-method> <!-- Setup -->
        <test-method signature="BrandsCart()[pri:0, instance:testcasesUSA.Task010and11@7486b455]" started-at="2023-10-28T11:58:19 IST" name="BrandsCart" finished-at="2023-10-28T12:01:21 IST" duration-ms="182218" status="PASS">
          <reporter-output>
          </reporter-output>
        </test-method> <!-- BrandsCart -->
        <test-method is-config="true" signature="end()[pri:0, instance:testcasesUSA.Task010and11@7486b455]" started-at="2023-10-28T12:01:21 IST" name="end" finished-at="2023-10-28T12:01:22 IST" duration-ms="448" status="PASS">
          <reporter-output>
          </reporter-output>
        </test-method> <!-- end -->
      </class> <!-- testcasesUSA.Task010and11 -->
    </test> <!-- Default test -->
  </suite> <!-- Default suite -->
</testng-results>
